0 info it worked if it ends with ok
1 verbose cli [ '/usr/local/Cellar/node/8.5.0/bin/node',
1 verbose cli   '/usr/local/bin/npm',
1 verbose cli   'start' ]
2 info using npm@3.10.10
3 info using node@v8.5.0
4 verbose config Skipping project config: /Users/matthewcroak/.npmrc. (matches userconfig)
5 verbose stack Error: ENOENT: no such file or directory, open '/Users/matthewcroak/package.json'
6 verbose cwd /Users/matthewcroak/Development/MODULE_05/WEEK_15/mod_5_final_project/mod-5-backend
7 error Darwin 16.7.0
8 error argv "/usr/local/Cellar/node/8.5.0/bin/node" "/usr/local/bin/npm" "start"
9 error node v8.5.0
10 error npm  v3.10.10
11 error path /Users/matthewcroak/package.json
12 error code ENOENT
13 error errno -2
14 error syscall open
15 error enoent ENOENT: no such file or directory, open '/Users/matthewcroak/package.json'
16 error enoent ENOENT: no such file or directory, open '/Users/matthewcroak/package.json'
16 error enoent This is most likely not a problem with npm itself
16 error enoent and is related to npm not being able to find a file.
17 verbose exit [ -2, true ]
